<?xml version="1.0" encoding="UTF-8"?>
<testng-results skipped="0" failed="0" ignored="1" total="4" passed="3">
  <reporter-output>
  </reporter-output>
  <suite name="Default suite" duration-ms="68" started-at="2019-04-03T04:43:24Z" finished-at="2019-04-03T04:43:24Z">
    <groups>
    </groups>
    <test name="Default test" duration-ms="68" started-at="2019-04-03T04:43:24Z" finished-at="2019-04-03T04:43:24Z">
      <class name="com.abc.testNG.Attribute2">
        <test-method status="PASS" signature="launch()[pri:0, instance:com.abc.testNG.Attribute2@5afa04c]" name="launch" duration-ms="17" started-at="2019-04-03T04:43:24Z" finished-at="2019-04-03T04:43:24Z">
          <reporter-output>
          </reporter-output>
        </test-method> <!-- launch -->
        <test-method status="PASS" signature="launch()[pri:0, instance:com.abc.testNG.Attribute2@5afa04c]" name="launch" duration-ms="3" started-at="2019-04-03T04:43:24Z" finished-at="2019-04-03T04:43:24Z">
          <reporter-output>
          </reporter-output>
        </test-method> <!-- launch -->
        <test-method status="PASS" signature="launch()[pri:0, instance:com.abc.testNG.Attribute2@5afa04c]" name="launch" duration-ms="3" started-at="2019-04-03T04:43:24Z" finished-at="2019-04-03T04:43:24Z">
          <reporter-output>
          </reporter-output>
        </test-method> <!-- launch -->
      </class> <!-- com.abc.testNG.Attribute2 -->
    </test> <!-- Default test -->
  </suite> <!-- Default suite -->
</testng-results>
