<?xml version="1.0" encoding="UTF-8"?>
<!-- Generated by org.testng.reporters.JUnitXMLReporter -->
<testsuite hostname="LENOVO-PC" ignored="1" name="Default test" tests="3" failures="0" timestamp="03 Apr 2019 04:43:24 GMT" time="0.068" errors="0">
  <testcase name="launch" time="0.017" classname="com.abc.testNG.Attribute2"/>
  <testcase name="launch" time="0.003" classname="com.abc.testNG.Attribute2"/>
  <testcase name="launch" time="0.003" classname="com.abc.testNG.Attribute2"/>
  <testcase name="navigate" time="0.0" classname="com.abc.testNG.Attribute2">
    <ignored/>
  </testcase> <!-- navigate -->
</testsuite> <!-- Default test -->
